<?xml version="1.0" encoding="UTF-8"?>
<!-- Generated by org.testng.reporters.JUnitReportReporter -->
<testsuite hostname="DESKTOP-P34R06Q" name="testCase.BookTicket" tests="1" failures="0" timestamp="12 Apr 2021 07:40:12 GMT" time="74.395" errors="0">
  <testcase name="bookTicket" time="74.395" classname="testCase.BookTicket"/>
</testsuite> <!-- testCase.BookTicket -->
